<?xml version="1.0" encoding="UTF-8"?>
<!-- Generated by org.testng.reporters.JUnitReportReporter -->
<testsuite skipped="0" hostname="DESKTOP-J8D4657" name="com.crm.qa.testCases.LoginPageTest" tests="3" failures="0" timestamp="11 Dec 2020 19:40:17 GMT" time="24.264" errors="0">
  <testcase name="loginPageTitle" time="7.484" classname="com.crm.qa.testCases.LoginPageTest"/>
  <testcase name="loginTest" time="8.504" classname="com.crm.qa.testCases.LoginPageTest"/>
  <testcase name="logotest" time="8.276" classname="com.crm.qa.testCases.LoginPageTest"/>
</testsuite> <!-- com.crm.qa.testCases.LoginPageTest -->
